<?xml version="1.0" encoding="UTF-8"?>
<testng-results ignored="0" total="1" passed="1" failed="0" skipped="0">
  <reporter-output>
  </reporter-output>
  <suite started-at="2023-06-07T21:29:09 IST" name="Default suite" finished-at="2023-06-07T21:29:26 IST" duration-ms="17460">
    <groups>
    </groups>
    <test started-at="2023-06-07T21:29:09 IST" name="Default test" finished-at="2023-06-07T21:29:26 IST" duration-ms="17460">
      <class name="MySeleniumJavaClass2">
        <test-method signature="testExecution()[pri:0, instance:MySeleniumJavaClass2@1dac5ef]" started-at="2023-06-07T21:29:09 IST" name="testExecution" finished-at="2023-06-07T21:29:26 IST" duration-ms="17406" status="PASS">
          <reporter-output>
          </reporter-output>
        </test-method> <!-- testExecution -->
      </class> <!-- MySeleniumJavaClass2 -->
    </test> <!-- Default test -->
  </suite> <!-- Default suite -->
</testng-results>
